
******** Loading object Texture2D'Startup.Backfire_Parts_N' ********

unknown member TC_NormalmapSwizzle of enum ETextureCompressionSettings

******** Loading object Texture2D'Startup.Chasis_Pepe_N' ********

unknown member TC_NormalmapSwizzle of enum ETextureCompressionSettings

******** Loading object Texture2D'Startup.FrameTexture_N' ********

unknown member TC_NormalmapSwizzle of enum ETextureCompressionSettings

******** Loading object Texture2D'Startup.Sphere_N' ********

unknown member TC_NormalmapSwizzle of enum ETextureCompressionSettings

******** Loading object Texture2D'Startup.Noise_Generic_N' ********

unknown member TC_NormalmapSwizzle of enum ETextureCompressionSettings

******** Loading object Texture2D'Startup.GrassStrip_CubeDistort_N' ********

unknown member TC_NormalmapSwizzle of enum ETextureCompressionSettings

******** Loading object Texture2D'Startup.Side_BPW_Normal' ********

unknown member TC_NormalmapSwizzle of enum ETextureCompressionSettings

******** Loading object Texture2D'Startup.BrushedMetal_Normal' ********

unknown member TC_NormalmapSwizzle of enum ETextureCompressionSettings

******** Loading object Texture2D'Startup.OEM_N' ********

unknown member TC_NormalmapSwizzle of enum ETextureCompressionSettings

******** Loading object Texture2D'Startup.WHEEL_ThreeSpoke00_N' ********

unknown member TC_NormalmapSwizzle of enum ETextureCompressionSettings

******** Loading object Texture2D'Stadium_P.Asphalt_N' ********

unknown member TC_NormalmapSwizzle of enum ETextureCompressionSettings

******** Loading object Texture2D'Stadium_P.Station_BrickRed00_N' ********

unknown member TC_NormalmapSwizzle of enum ETextureCompressionSettings

******** Loading object Texture2D'Stadium_P.Station_SideWalk00_N' ********

unknown member TC_NormalmapSwizzle of enum ETextureCompressionSettings

******** Loading object Texture2D'Stadium_P.Statue_N' ********

unknown member TC_NormalmapSwizzle of enum ETextureCompressionSettings

******** Loading object Texture2D'Stadium_P.Stairs_N' ********

unknown member TC_NormalmapSwizzle of enum ETextureCompressionSettings

******** Loading object Texture2D'Stadium_P.RockyDirt_N' ********

unknown member TC_NormalmapSwizzle of enum ETextureCompressionSettings

******** Loading object Texture2D'Stadium_P.Grate_Square_N' ********

unknown member TC_NormalmapSwizzle of enum ETextureCompressionSettings

******** Loading object Texture2D'Startup.FrameTexture_N' ********

unknown member TC_NormalmapSwizzle of enum ETextureCompressionSettings

******** Loading object Texture2D'Startup.Noise_Generic_N' ********

unknown member TC_NormalmapSwizzle of enum ETextureCompressionSettings

******** Loading object Texture2D'HoopsStadium_P.BBall_WoodFloor02_N' ********

unknown member TC_NormalmapSwizzle of enum ETextureCompressionSettings

******** Loading object Texture2D'HoopsStadium_P.Asphalt_N' ********

unknown member TC_NormalmapSwizzle of enum ETextureCompressionSettings

******** Loading object Texture2D'HoopsStadium_P.TILE_Labs_PitchLines00_N' ********

unknown member TC_NormalmapSwizzle of enum ETextureCompressionSettings

******** Loading object Texture2D'HoopsStadium_P.TILE_Labs_Trim00_N' ********

unknown member TC_NormalmapSwizzle of enum ETextureCompressionSettings

******** Loading object Texture2D'HoopsStadium_P.BBall_WoodFloor01_N' ********

unknown member TC_NormalmapSwizzle of enum ETextureCompressionSettings

******** Loading object Texture2D'HoopsStadium_P.WoodFloor_N' ********

unknown member TC_NormalmapSwizzle of enum ETextureCompressionSettings

******** Loading object Texture2D'HoopsStadium_P.Stairs_N' ********

unknown member TC_NormalmapSwizzle of enum ETextureCompressionSettings

******** Loading object Texture2D'Body_MuscleCar_SF.Body_MuscleCar_Premium_N' ********

unknown member TC_NormalmapSwizzle of enum ETextureCompressionSettings

******** Loading object Texture2D'Body_MuscleCar_SF.MuscleCar_Chassis_N' ********

unknown member TC_NormalmapSwizzle of enum ETextureCompressionSettings

******** Loading object Texture2D'Startup.BrushedMetal_Normal' ********

unknown member TC_NormalmapSwizzle of enum ETextureCompressionSettings

******** Loading object Texture2D'Startup.Backfire_Parts_N' ********

unknown member TC_NormalmapSwizzle of enum ETextureCompressionSettings

******** Loading object Texture2D'Body_Darkcar_SF.Body_Darkcar_N' ********

unknown member TC_NormalmapSwizzle of enum ETextureCompressionSettings

******** Loading object Texture2D'Body_Darkcar_SF.Chassis01_Normal' ********

unknown member TC_NormalmapSwizzle of enum ETextureCompressionSettings

******** Loading object Texture2D'Body_Darkcar_SF.Asphalt_N' ********

unknown member TC_NormalmapSwizzle of enum ETextureCompressionSettings

******** Loading object Texture2D'Body_Darkcar_SF.Engine_Incinerator_Normal' ********

unknown member TC_NormalmapSwizzle of enum ETextureCompressionSettings

******** Loading object Texture2D'Body_Darkcar_SF.rim_Caliber_normal' ********

unknown member TC_NormalmapSwizzle of enum ETextureCompressionSettings

******** Loading object Texture2D'Body_Darkcar_SF.rim_Standard_normal' ********

unknown member TC_NormalmapSwizzle of enum ETextureCompressionSettings

******** Loading object Texture2D'Startup.BrushedMetal_Normal' ********

unknown member TC_NormalmapSwizzle of enum ETextureCompressionSettings

******** Loading object Texture2D'Startup.Chasis_Pepe_N' ********

unknown member TC_NormalmapSwizzle of enum ETextureCompressionSettings

******** Loading object Texture2D'Body_CarCar_SF.Body_CarCar_N' ********

unknown member TC_NormalmapSwizzle of enum ETextureCompressionSettings

******** Loading object Texture2D'Body_CarCar_SF.Chassis_CarCar_N_painted' ********

unknown member TC_NormalmapSwizzle of enum ETextureCompressionSettings

******** Loading object Texture2D'Body_CarCar_SF.Chassis_Pumpernickel_N' ********

unknown member TC_NormalmapSwizzle of enum ETextureCompressionSettings

******** Loading object Texture2D'Body_CarCar_SF.NEO_Signage00_N' ********

unknown member TC_NormalmapSwizzle of enum ETextureCompressionSettings

******** Loading object Texture2D'Startup.BrushedMetal_Normal' ********

unknown member TC_NormalmapSwizzle of enum ETextureCompressionSettings

******** Loading object Texture2D'Startup.Backfire_Parts_N' ********

unknown member TC_NormalmapSwizzle of enum ETextureCompressionSettings

******** Loading object Texture2D'Body_Venom_SF.Body_Venom_PremiumSkin_N' ********

unknown member TC_NormalmapSwizzle of enum ETextureCompressionSettings

******** Loading object Texture2D'Body_Venom_SF.Venom_Parts_N' ********

unknown member TC_NormalmapSwizzle of enum ETextureCompressionSettings

******** Loading object Texture2D'Startup.Chasis_Pepe_N' ********

unknown member TC_NormalmapSwizzle of enum ETextureCompressionSettings

******** Loading object Texture2D'Startup.BrushedMetal_Normal' ********

unknown member TC_NormalmapSwizzle of enum ETextureCompressionSettings

******** Loading object Texture2D'Startup.Backfire_Parts_N' ********

unknown member TC_NormalmapSwizzle of enum ETextureCompressionSettings

******** Loading object Texture2D'Body_Force_SF.Body_Breakout_PremiumSkin_N' ********

unknown member TC_NormalmapSwizzle of enum ETextureCompressionSettings

******** Loading object Texture2D'Body_Force_SF.Force_Parts_N' ********

unknown member TC_NormalmapSwizzle of enum ETextureCompressionSettings

******** Loading object Texture2D'Startup.Chasis_Pepe_N' ********

unknown member TC_NormalmapSwizzle of enum ETextureCompressionSettings

******** Loading object Texture2D'Startup.BrushedMetal_Normal' ********

unknown member TC_NormalmapSwizzle of enum ETextureCompressionSettings

******** Loading object Texture2D'Startup.Backfire_Parts_N' ********

unknown member TC_NormalmapSwizzle of enum ETextureCompressionSettings

******** Loading object Texture2D'Body_Vanquish_SF.Chassis_Pumpernickel_N' ********

unknown member TC_NormalmapSwizzle of enum ETextureCompressionSettings

******** Loading object Texture2D'Body_Vanquish_SF.Body_Vanquish_PremiumSkin_N' ********

unknown member TC_NormalmapSwizzle of enum ETextureCompressionSettings

******** Loading object Texture2D'Body_Vanquish_SF.Vanquish_Parts_N' ********

unknown member TC_NormalmapSwizzle of enum ETextureCompressionSettings

******** Loading object Texture2D'Startup.BrushedMetal_Normal' ********

unknown member TC_NormalmapSwizzle of enum ETextureCompressionSettings

******** Loading object Texture2D'Startup.Chasis_Pepe_N' ********

unknown member TC_NormalmapSwizzle of enum ETextureCompressionSettings

******** Loading object Texture2D'Startup.Backfire_Parts_N' ********

unknown member TC_NormalmapSwizzle of enum ETextureCompressionSettings
